<?xml version="1.0" encoding="UTF-8"?>
<testsuite name="ru.basanov.milleniumFalcot.MilleniumFalcotApplicationTests" tests="1" skipped="0" failures="0" errors="0" timestamp="2020-03-09T16:39:39" hostname="iMac-Mingian.local" time="1.33">
  <properties/>
  <testcase name="contextLoads()" classname="ru.basanov.milleniumFalcot.MilleniumFalcotApplicationTests" time="1.33"/>
  <system-out><![CDATA[19:39:22.893 [Test worker] DEBUG org.springframework.test.context.BootstrapUtils - Instantiating CacheAwareContextLoaderDelegate from class [org.springframework.test.context.cache.DefaultCacheAwareContextLoaderDelegate]
19:39:22.903 [Test worker] DEBUG org.springframework.test.context.BootstrapUtils - Instantiating BootstrapContext using constructor [public org.springframework.test.context.support.DefaultBootstrapContext(java.lang.Class,org.springframework.test.context.CacheAwareContextLoaderDelegate)]
19:39:22.927 [Test worker] DEBUG org.springframework.test.context.BootstrapUtils - Instantiating TestContextBootstrapper for test class [ru.basanov.milleniumFalcot.MilleniumFalcotApplicationTests] from class [org.springframework.boot.test.context.SpringBootTestContextBootstrapper]
19:39:22.962 [Test worker] INFO org.springframework.boot.test.context.SpringBootTestContextBootstrapper - Neither @ContextConfiguration nor @ContextHierarchy found for test class [ru.basanov.milleniumFalcot.MilleniumFalcotApplicationTests], using SpringBootContextLoader
19:39:22.966 [Test worker] DEBUG org.springframework.test.context.support.AbstractContextLoader - Did not detect default resource location for test class [ru.basanov.milleniumFalcot.MilleniumFalcotApplicationTests]: class path resource [ru/basanov/milleniumFalcot/MilleniumFalcotApplicationTests-context.xml] does not exist
19:39:22.966 [Test worker] DEBUG org.springframework.test.context.support.AbstractContextLoader - Did not detect default resource location for test class [ru.basanov.milleniumFalcot.MilleniumFalcotApplicationTests]: class path resource [ru/basanov/milleniumFalcot/MilleniumFalcotApplicationTestsContext.groovy] does not exist
19:39:22.967 [Test worker] INFO org.springframework.test.context.support.AbstractContextLoader - Could not detect default resource locations for test class [ru.basanov.milleniumFalcot.MilleniumFalcotApplicationTests]: no resource found for suffixes {-context.xml, Context.groovy}.
19:39:22.968 [Test worker] INFO org.springframework.test.context.support.AnnotationConfigContextLoaderUtils - Could not detect default configuration classes for test class [ru.basanov.milleniumFalcot.MilleniumFalcotApplicationTests]: MilleniumFalcotApplicationTests does not declare any static, non-private, non-final, nested classes annotated with @Configuration.
19:39:23.018 [Test worker] DEBUG org.springframework.test.context.support.ActiveProfilesUtils - Could not find an 'annotation declaring class' for annotation type [org.springframework.test.context.ActiveProfiles] and class [ru.basanov.milleniumFalcot.MilleniumFalcotApplicationTests]
19:39:23.073 [Test worker] DEBUG org.springframework.context.annotation.ClassPathScanningCandidateComponentProvider - Identified candidate component class: file [/Users/mingianbasanov/IdeaProjects/milleniumFalcot/build/classes/java/main/ru/basanov/milleniumFalcot/MilleniumFalcotApplication.class]
19:39:23.074 [Test worker] INFO org.springframework.boot.test.context.SpringBootTestContextBootstrapper - Found @SpringBootConfiguration ru.basanov.milleniumFalcot.MilleniumFalcotApplication for test class ru.basanov.milleniumFalcot.MilleniumFalcotApplicationTests
19:39:23.166 [Test worker] DEBUG org.springframework.boot.test.context.SpringBootTestContextBootstrapper - @TestExecutionListeners is not present for class [ru.basanov.milleniumFalcot.MilleniumFalcotApplicationTests]: using defaults.
19:39:23.167 [Test worker] INFO org.springframework.boot.test.context.SpringBootTestContextBootstrapper - Loaded default TestExecutionListener class names from location [META-INF/spring.factories]: [org.springframework.boot.test.autoconfigure.restdocs.RestDocsTestExecutionListener, org.springframework.boot.test.autoconfigure.web.client.MockRestServiceServerResetTestExecutionListener, org.springframework.boot.test.autoconfigure.web.servlet.MockMvcPrintOnlyOnFailureTestExecutionListener, org.springframework.boot.test.autoconfigure.web.servlet.WebDriverTestExecutionListener, org.springframework.boot.test.mock.mockito.MockitoTestExecutionListener, org.springframework.boot.test.mock.mockito.ResetMocksTestExecutionListener, org.springframework.test.context.web.ServletTestExecutionListener, org.springframework.test.context.support.DirtiesContextBeforeModesTestExecutionListener, org.springframework.test.context.support.DependencyInjectionTestExecutionListener, org.springframework.test.context.support.DirtiesContextTestExecutionListener, org.springframework.test.context.transaction.TransactionalTestExecutionListener, org.springframework.test.context.jdbc.SqlScriptsTestExecutionListener, org.springframework.test.context.event.EventPublishingTestExecutionListener]
19:39:23.177 [Test worker] DEBUG org.springframework.boot.test.context.SpringBootTestContextBootstrapper - Skipping candidate TestExecutionListener [org.springframework.test.context.transaction.TransactionalTestExecutionListener] due to a missing dependency. Specify custom listener classes or make the default listener classes and their required dependencies available. Offending class: [org/springframework/transaction/interceptor/TransactionAttributeSource]
19:39:23.178 [Test worker] DEBUG org.springframework.boot.test.context.SpringBootTestContextBootstrapper - Skipping candidate TestExecutionListener [org.springframework.test.context.jdbc.SqlScriptsTestExecutionListener] due to a missing dependency. Specify custom listener classes or make the default listener classes and their required dependencies available. Offending class: [org/springframework/transaction/interceptor/TransactionAttribute]
19:39:23.178 [Test worker] INFO org.springframework.boot.test.context.SpringBootTestContextBootstrapper - Using TestExecutionListeners: [org.springframework.test.context.web.ServletTestExecutionListener@3c6241ed, org.springframework.test.context.support.DirtiesContextBeforeModesTestExecutionListener@328d6529, org.springframework.boot.test.mock.mockito.MockitoTestExecutionListener@75a46fa5, org.springframework.boot.test.autoconfigure.SpringBootDependencyInjectionTestExecutionListener@41ad4e70, org.springframework.test.context.support.DirtiesContextTestExecutionListener@6f6e1281, org.springframework.test.context.event.EventPublishingTestExecutionListener@36139668, org.springframework.boot.test.autoconfigure.restdocs.RestDocsTestExecutionListener@601c1e48, org.springframework.boot.test.autoconfigure.web.client.MockRestServiceServerResetTestExecutionListener@4b6902f5, org.springframework.boot.test.autoconfigure.web.servlet.MockMvcPrintOnlyOnFailureTestExecutionListener@548cfb03, org.springframework.boot.test.autoconfigure.web.servlet.WebDriverTestExecutionListener@7e06972c, org.springframework.boot.test.mock.mockito.ResetMocksTestExecutionListener@7e6838fa]
19:39:23.182 [Test worker] DEBUG org.springframework.test.context.support.AbstractDirtiesContextTestExecutionListener - Before test class: context [DefaultTestContext@460d673f testClass = MilleniumFalcotApplicationTests, testInstance = [null], testMethod = [null], testException = [null], mergedContextConfiguration = [WebMergedContextConfiguration@53f739c4 testClass = MilleniumFalcotApplicationTests, locations = '{}', classes = '{class ru.basanov.milleniumFalcot.MilleniumFalcotApplication}', contextInitializerClasses = '[]', activeProfiles = '{}', propertySourceLocations = '{}', propertySourceProperties = '{org.springframework.boot.test.context.SpringBootTestContextBootstrapper=true}', contextCustomizers = set[org.springframework.boot.test.autoconfigure.properties.PropertyMappingContextCustomizer@0, org.springframework.boot.test.autoconfigure.web.servlet.WebDriverContextCustomizerFactory$Customizer@42cf4965, org.springframework.boot.test.context.filter.ExcludeFilterContextCustomizer@37723e75, org.springframework.boot.test.json.DuplicateJsonObjectContextCustomizerFactory$DuplicateJsonObjectContextCustomizer@44050d9f, org.springframework.boot.test.mock.mockito.MockitoContextCustomizer@0, org.springframework.boot.test.web.client.TestRestTemplateContextCustomizer@6c1acd00], resourceBasePath = 'src/main/webapp', contextLoader = 'org.springframework.boot.test.context.SpringBootContextLoader', parent = [null]], attributes = map['org.springframework.test.context.web.ServletTestExecutionListener.activateListener' -> true]], class annotated with @DirtiesContext [false] with mode [null].
19:39:23.208 [Test worker] DEBUG org.springframework.test.context.support.TestPropertySourceUtils - Adding inlined properties to environment: {spring.jmx.enabled=false, org.springframework.boot.test.context.SpringBootTestContextBootstrapper=true, server.port=-1}

  .   ____          _            __ _ _
 /\\ / ___'_ __ _ _(_)_ __  __ _ \ \ \ \
( ( )\___ | '_ | '_| | '_ \/ _` | \ \ \ \
 \\/  ___)| |_)| | | | | || (_| |  ) ) ) )
  '  |____| .__|_| |_|_| |_\__, | / / / /
 =========|_|==============|___/=/_/_/_/
 :: Spring Boot ::        (v2.2.5.RELEASE)

2020-03-09 19:39:33.506  WARN 2704 --- [    Test worker] o.s.boot.StartupInfoLogger               : InetAddress.getLocalHost().getHostName() took 5002 milliseconds to respond. Please verify your network configuration (macOS machines may need to add entries to /etc/hosts).
2020-03-09 19:39:38.510  INFO 2704 --- [    Test worker] r.b.m.MilleniumFalcotApplicationTests    : Starting MilleniumFalcotApplicationTests on iMac-Mingian.local with PID 2704 (started by mingianbasanov in /Users/mingianbasanov/IdeaProjects/milleniumFalcot)
2020-03-09 19:39:38.511  INFO 2704 --- [    Test worker] r.b.m.MilleniumFalcotApplicationTests    : No active profile set, falling back to default profiles: default
2020-03-09 19:39:39.597  INFO 2704 --- [    Test worker] o.s.s.concurrent.ThreadPoolTaskExecutor  : Initializing ExecutorService 'applicationTaskExecutor'
2020-03-09 19:39:39.823  INFO 2704 --- [    Test worker] r.b.m.MilleniumFalcotApplicationTests    : Started MilleniumFalcotApplicationTests in 16.605 seconds (JVM running for 18.311)
]]></system-out>
  <system-err><![CDATA[]]></system-err>
</testsuite>
